<?xml version="1.0" encoding="UTF-8" ?>
<testsuites name="vitest tests" tests="5" failures="0" errors="0" time="0.001801542">
    <testsuite name="src/utils/string.test.ts" timestamp="2026-08-07T05:04:08.121Z" hostname="Mac.socal.rr.com" tests="5" failures="0" errors="0" skipped="0" time="0.001801542">
        <testcase classname="src/utils/string.test.ts" name="str.toArray &gt; wraps a string in an array" time="0.000825917">
        </testcase>
        <testcase classname="src/utils/string.test.ts" name="str.toArray &gt; returns an array as-is" time="0.000129875">
        </testcase>
        <testcase classname="src/utils/string.test.ts" name="str.toBoolean &gt; returns true for &quot;true&quot;" time="0.000087042">
        </testcase>
        <testcase classname="src/utils/string.test.ts" name="str.toBoolean &gt; returns false for any other string" time="0.000111292">
        </testcase>
        <testcase classname="src/utils/string.test.ts" name="str.toBoolean &gt; returns false for undefined" time="0.00005325">
        </testcase>
    </testsuite>
</testsuites>
